********************************************************************************
*                             Initializing Cubiquity                           *
********************************************************************************
[20:48:12, Info   ]: Creating voxel database from 'C:/Users/Randy/Documents/Development/Randy/Zelda_VR/Zelda_VR/Assets/StreamingAssets/Cubiquity/VoxelDatabases/Examples/Tests/SmallSphere.vdb'
[20:48:15, Info   ]: Creating voxel database from 'C:/Users/Randy/Documents/Development/Randy/Zelda_VR/Zelda_VR/Assets/StreamingAssets/Cubiquity/VoxelDatabases/Examples/Tests/SmallSphere.vdb'
[20:48:23, Info   ]: Creating voxel database from 'C:/Users/Randy/Documents/Development/Randy/Zelda_VR/Zelda_VR/Assets/StreamingAssets/Cubiquity/VoxelDatabases/Examples/Tests/SmallSphere.vdb'
[20:49:07, Info   ]: Creating voxel database from 'C:/Users/Randy/Documents/Development/Randy/Zelda_VR/Zelda_VR/Assets/StreamingAssets/Cubiquity/VoxelDatabases/Examples/Tests/MengerSponge.vdb'
[20:49:07, Info   ]: Creating voxel database from 'C:/Users/Randy/Documents/Development/Randy/Zelda_VR/Zelda_VR/Assets/StreamingAssets/Cubiquity/VoxelDatabases/Examples/Tests/MengerSponge.vdb'
[20:49:07, Info   ]: Creating voxel database from 'C:/Users/Randy/Documents/Development/Randy/Zelda_VR/Zelda_VR/Assets/StreamingAssets/Cubiquity/VoxelDatabases/Examples/Tests/MengerSponge.vdb'
[20:49:07, Info   ]: Creating voxel database from 'C:/Users/Randy/Documents/Development/Randy/Zelda_VR/Zelda_VR/Assets/StreamingAssets/Cubiquity/VoxelDatabases/Examples/Tests/MengerSponge.vdb'
[20:49:07, Info   ]: Creating voxel database from 'C:/Users/Randy/Documents/Development/Randy/Zelda_VR/Zelda_VR/Assets/StreamingAssets/Cubiquity/VoxelDatabases/Examples/Tests/MengerSponge.vdb'
[20:49:07, Info   ]: Creating voxel database from 'C:/Users/Randy/Documents/Development/Randy/Zelda_VR/Zelda_VR/Assets/StreamingAssets/Cubiquity/VoxelDatabases/Examples/Tests/MengerSponge.vdb'
[20:49:07, Info   ]: Creating voxel database from 'C:/Users/Randy/Documents/Development/Randy/Zelda_VR/Zelda_VR/Assets/StreamingAssets/Cubiquity/VoxelDatabases/Examples/Tests/MengerSponge.vdb'
[20:49:07, Info   ]: Creating voxel database from 'C:/Users/Randy/Documents/Development/Randy/Zelda_VR/Zelda_VR/Assets/StreamingAssets/Cubiquity/VoxelDatabases/Examples/Tests/MengerSponge.vdb'
[20:49:07, Info   ]: Creating voxel database from 'C:/Users/Randy/Documents/Development/Randy/Zelda_VR/Zelda_VR/Assets/StreamingAssets/Cubiquity/VoxelDatabases/Examples/Tests/MengerSponge.vdb'
[20:49:07, Info   ]: Creating voxel database from 'C:/Users/Randy/Documents/Development/Randy/Zelda_VR/Zelda_VR/Assets/StreamingAssets/Cubiquity/VoxelDatabases/Examples/Tests/MengerSponge.vdb'
[20:49:07, Info   ]: Creating voxel database from 'C:/Users/Randy/Documents/Development/Randy/Zelda_VR/Zelda_VR/Assets/StreamingAssets/Cubiquity/VoxelDatabases/Examples/Tests/MengerSponge.vdb'
[20:49:07, Info   ]: Creating voxel database from 'C:/Users/Randy/Documents/Development/Randy/Zelda_VR/Zelda_VR/Assets/StreamingAssets/Cubiquity/VoxelDatabases/Examples/Tests/MengerSponge.vdb'
[20:49:07, Info   ]: Creating voxel database from 'C:/Users/Randy/Documents/Development/Randy/Zelda_VR/Zelda_VR/Assets/StreamingAssets/Cubiquity/VoxelDatabases/Examples/Tests/MengerSponge.vdb'
[20:49:07, Info   ]: Creating voxel database from 'C:/Users/Randy/Documents/Development/Randy/Zelda_VR/Zelda_VR/Assets/StreamingAssets/Cubiquity/VoxelDatabases/Examples/Tests/MengerSponge.vdb'
[20:49:07, Info   ]: Creating voxel database from 'C:/Users/Randy/Documents/Development/Randy/Zelda_VR/Zelda_VR/Assets/StreamingAssets/Cubiquity/VoxelDatabases/Examples/Tests/MengerSponge.vdb'
[20:49:07, Info   ]: Creating voxel database from 'C:/Users/Randy/Documents/Development/Randy/Zelda_VR/Zelda_VR/Assets/StreamingAssets/Cubiquity/VoxelDatabases/Examples/Tests/MengerSponge.vdb'
[20:49:07, Info   ]: Creating voxel database from 'C:/Users/Randy/Documents/Development/Randy/Zelda_VR/Zelda_VR/Assets/StreamingAssets/Cubiquity/VoxelDatabases/Examples/Tests/MengerSponge.vdb'
[20:49:07, Info   ]: Creating voxel database from 'C:/Users/Randy/Documents/Development/Randy/Zelda_VR/Zelda_VR/Assets/StreamingAssets/Cubiquity/VoxelDatabases/Examples/Tests/MengerSponge.vdb'
[20:49:07, Info   ]: Creating voxel database from 'C:/Users/Randy/Documents/Development/Randy/Zelda_VR/Zelda_VR/Assets/StreamingAssets/Cubiquity/VoxelDatabases/Examples/Tests/MengerSponge.vdb'
[20:49:07, Info   ]: Creating voxel database from 'C:/Users/Randy/Documents/Development/Randy/Zelda_VR/Zelda_VR/Assets/StreamingAssets/Cubiquity/VoxelDatabases/Examples/Tests/MengerSponge.vdb'
[20:49:13, Info   ]: Creating voxel database from 'C:/Users/Randy/Documents/Development/Randy/Zelda_VR/Zelda_VR/Assets/StreamingAssets/Cubiquity/VoxelDatabases/Examples/Tests/MengerSponge.vdb'
[20:49:13, Info   ]: Creating voxel database from 'C:/Users/Randy/Documents/Development/Randy/Zelda_VR/Zelda_VR/Assets/StreamingAssets/Cubiquity/VoxelDatabases/Examples/Tests/MengerSponge.vdb'
[20:49:13, Info   ]: Creating voxel database from 'C:/Users/Randy/Documents/Development/Randy/Zelda_VR/Zelda_VR/Assets/StreamingAssets/Cubiquity/VoxelDatabases/Examples/Tests/MengerSponge.vdb'
[20:49:13, Info   ]: Creating voxel database from 'C:/Users/Randy/Documents/Development/Randy/Zelda_VR/Zelda_VR/Assets/StreamingAssets/Cubiquity/VoxelDatabases/Examples/Tests/MengerSponge.vdb'
[20:49:13, Info   ]: Creating voxel database from 'C:/Users/Randy/Documents/Development/Randy/Zelda_VR/Zelda_VR/Assets/StreamingAssets/Cubiquity/VoxelDatabases/Examples/Tests/MengerSponge.vdb'
[20:49:13, Info   ]: Creating voxel database from 'C:/Users/Randy/Documents/Development/Randy/Zelda_VR/Zelda_VR/Assets/StreamingAssets/Cubiquity/VoxelDatabases/Examples/Tests/MengerSponge.vdb'
[20:49:13, Info   ]: Creating voxel database from 'C:/Users/Randy/Documents/Development/Randy/Zelda_VR/Zelda_VR/Assets/StreamingAssets/Cubiquity/VoxelDatabases/Examples/Tests/MengerSponge.vdb'
[20:49:13, Info   ]: Creating voxel database from 'C:/Users/Randy/Documents/Development/Randy/Zelda_VR/Zelda_VR/Assets/StreamingAssets/Cubiquity/VoxelDatabases/Examples/Tests/MengerSponge.vdb'
[20:49:13, Info   ]: Creating voxel database from 'C:/Users/Randy/Documents/Development/Randy/Zelda_VR/Zelda_VR/Assets/StreamingAssets/Cubiquity/VoxelDatabases/Examples/Tests/MengerSponge.vdb'
[20:49:13, Info   ]: Creating voxel database from 'C:/Users/Randy/Documents/Development/Randy/Zelda_VR/Zelda_VR/Assets/StreamingAssets/Cubiquity/VoxelDatabases/Examples/Tests/MengerSponge.vdb'
[20:49:13, Info   ]: Creating voxel database from 'C:/Users/Randy/Documents/Development/Randy/Zelda_VR/Zelda_VR/Assets/StreamingAssets/Cubiquity/VoxelDatabases/Examples/Tests/MengerSponge.vdb'
[20:49:13, Info   ]: Creating voxel database from 'C:/Users/Randy/Documents/Development/Randy/Zelda_VR/Zelda_VR/Assets/StreamingAssets/Cubiquity/VoxelDatabases/Examples/Tests/MengerSponge.vdb'
[20:49:13, Info   ]: Creating voxel database from 'C:/Users/Randy/Documents/Development/Randy/Zelda_VR/Zelda_VR/Assets/StreamingAssets/Cubiquity/VoxelDatabases/Examples/Tests/MengerSponge.vdb'
[20:49:13, Info   ]: Creating voxel database from 'C:/Users/Randy/Documents/Development/Randy/Zelda_VR/Zelda_VR/Assets/StreamingAssets/Cubiquity/VoxelDatabases/Examples/Tests/MengerSponge.vdb'
[20:49:13, Info   ]: Creating voxel database from 'C:/Users/Randy/Documents/Development/Randy/Zelda_VR/Zelda_VR/Assets/StreamingAssets/Cubiquity/VoxelDatabases/Examples/Tests/MengerSponge.vdb'
[20:49:13, Info   ]: Creating voxel database from 'C:/Users/Randy/Documents/Development/Randy/Zelda_VR/Zelda_VR/Assets/StreamingAssets/Cubiquity/VoxelDatabases/Examples/Tests/MengerSponge.vdb'
[20:49:13, Info   ]: Creating voxel database from 'C:/Users/Randy/Documents/Development/Randy/Zelda_VR/Zelda_VR/Assets/StreamingAssets/Cubiquity/VoxelDatabases/Examples/Tests/MengerSponge.vdb'
[20:49:13, Info   ]: Creating voxel database from 'C:/Users/Randy/Documents/Development/Randy/Zelda_VR/Zelda_VR/Assets/StreamingAssets/Cubiquity/VoxelDatabases/Examples/Tests/MengerSponge.vdb'
[20:49:13, Info   ]: Creating voxel database from 'C:/Users/Randy/Documents/Development/Randy/Zelda_VR/Zelda_VR/Assets/StreamingAssets/Cubiquity/VoxelDatabases/Examples/Tests/MengerSponge.vdb'
[20:49:13, Info   ]: Creating voxel database from 'C:/Users/Randy/Documents/Development/Randy/Zelda_VR/Zelda_VR/Assets/StreamingAssets/Cubiquity/VoxelDatabases/Examples/Tests/MengerSponge.vdb'
[20:49:34, Info   ]: Creating voxel database from 'C:/Users/Randy/Documents/Development/Randy/Zelda_VR/Zelda_VR/Assets/StreamingAssets/Cubiquity/VoxelDatabases/Examples/Tests/MengerSponge.vdb'
[20:49:34, Info   ]: Creating voxel database from 'C:/Users/Randy/Documents/Development/Randy/Zelda_VR/Zelda_VR/Assets/StreamingAssets/Cubiquity/VoxelDatabases/Examples/Tests/MengerSponge.vdb'
[20:49:34, Info   ]: Creating voxel database from 'C:/Users/Randy/Documents/Development/Randy/Zelda_VR/Zelda_VR/Assets/StreamingAssets/Cubiquity/VoxelDatabases/Examples/Tests/MengerSponge.vdb'
[20:49:34, Info   ]: Creating voxel database from 'C:/Users/Randy/Documents/Development/Randy/Zelda_VR/Zelda_VR/Assets/StreamingAssets/Cubiquity/VoxelDatabases/Examples/Tests/MengerSponge.vdb'
[20:49:34, Info   ]: Creating voxel database from 'C:/Users/Randy/Documents/Development/Randy/Zelda_VR/Zelda_VR/Assets/StreamingAssets/Cubiquity/VoxelDatabases/Examples/Tests/MengerSponge.vdb'
[20:49:34, Info   ]: Creating voxel database from 'C:/Users/Randy/Documents/Development/Randy/Zelda_VR/Zelda_VR/Assets/StreamingAssets/Cubiquity/VoxelDatabases/Examples/Tests/MengerSponge.vdb'
[20:49:34, Info   ]: Creating voxel database from 'C:/Users/Randy/Documents/Development/Randy/Zelda_VR/Zelda_VR/Assets/StreamingAssets/Cubiquity/VoxelDatabases/Examples/Tests/MengerSponge.vdb'
[20:49:34, Info   ]: Creating voxel database from 'C:/Users/Randy/Documents/Development/Randy/Zelda_VR/Zelda_VR/Assets/StreamingAssets/Cubiquity/VoxelDatabases/Examples/Tests/MengerSponge.vdb'
[20:49:34, Info   ]: Creating voxel database from 'C:/Users/Randy/Documents/Development/Randy/Zelda_VR/Zelda_VR/Assets/StreamingAssets/Cubiquity/VoxelDatabases/Examples/Tests/MengerSponge.vdb'
[20:49:34, Info   ]: Creating voxel database from 'C:/Users/Randy/Documents/Development/Randy/Zelda_VR/Zelda_VR/Assets/StreamingAssets/Cubiquity/VoxelDatabases/Examples/Tests/MengerSponge.vdb'
[20:49:34, Info   ]: Creating voxel database from 'C:/Users/Randy/Documents/Development/Randy/Zelda_VR/Zelda_VR/Assets/StreamingAssets/Cubiquity/VoxelDatabases/Examples/Tests/MengerSponge.vdb'
[20:49:34, Info   ]: Creating voxel database from 'C:/Users/Randy/Documents/Development/Randy/Zelda_VR/Zelda_VR/Assets/StreamingAssets/Cubiquity/VoxelDatabases/Examples/Tests/MengerSponge.vdb'
[20:49:34, Info   ]: Creating voxel database from 'C:/Users/Randy/Documents/Development/Randy/Zelda_VR/Zelda_VR/Assets/StreamingAssets/Cubiquity/VoxelDatabases/Examples/Tests/MengerSponge.vdb'
[20:49:34, Info   ]: Creating voxel database from 'C:/Users/Randy/Documents/Development/Randy/Zelda_VR/Zelda_VR/Assets/StreamingAssets/Cubiquity/VoxelDatabases/Examples/Tests/MengerSponge.vdb'
[20:49:34, Info   ]: Creating voxel database from 'C:/Users/Randy/Documents/Development/Randy/Zelda_VR/Zelda_VR/Assets/StreamingAssets/Cubiquity/VoxelDatabases/Examples/Tests/MengerSponge.vdb'
[20:49:34, Info   ]: Creating voxel database from 'C:/Users/Randy/Documents/Development/Randy/Zelda_VR/Zelda_VR/Assets/StreamingAssets/Cubiquity/VoxelDatabases/Examples/Tests/MengerSponge.vdb'
[20:49:34, Info   ]: Creating voxel database from 'C:/Users/Randy/Documents/Development/Randy/Zelda_VR/Zelda_VR/Assets/StreamingAssets/Cubiquity/VoxelDatabases/Examples/Tests/MengerSponge.vdb'
[20:49:34, Info   ]: Creating voxel database from 'C:/Users/Randy/Documents/Development/Randy/Zelda_VR/Zelda_VR/Assets/StreamingAssets/Cubiquity/VoxelDatabases/Examples/Tests/MengerSponge.vdb'
[20:49:34, Info   ]: Creating voxel database from 'C:/Users/Randy/Documents/Development/Randy/Zelda_VR/Zelda_VR/Assets/StreamingAssets/Cubiquity/VoxelDatabases/Examples/Tests/MengerSponge.vdb'
[20:49:34, Info   ]: Creating voxel database from 'C:/Users/Randy/Documents/Development/Randy/Zelda_VR/Zelda_VR/Assets/StreamingAssets/Cubiquity/VoxelDatabases/Examples/Tests/MengerSponge.vdb'
[20:50:15, Info   ]: Creating voxel database from 'C:/Users/Randy/Documents/Development/Randy/Zelda_VR/Zelda_VR/Assets/StreamingAssets/Cubiquity/VoxelDatabases/Examples/VoxeliensColoredCubes.vdb'
[20:51:52, Info   ]: Creating empty voxel database as 'C:/Users/Randy/Documents/Development/Randy/Zelda_VR/Zelda_VR/Assets/StreamingAssets/Cubiquity/VoxelDatabases/5473FD07.vdb'
[20:52:31, Info   ]: Resizing compressed data buffer to 144307bytes. This should only happen once
[20:52:31, Info   ]: Creating voxel database from 'C:/Users/Randy/Documents/Development/Randy/Zelda_VR/Zelda_VR/Assets/StreamingAssets/Cubiquity/VoxelDatabases/Examples/VoxeliensColoredCubes.vdb'
[20:58:40, Info   ]: Resizing compressed data buffer to 144307bytes. This should only happen once
[20:58:41, Info   ]: Creating voxel database from 'C:/Users/Randy/Documents/Development/Randy/Zelda_VR/Zelda_VR/Assets/StreamingAssets/Cubiquity/VoxelDatabases/5473FD07.vdb'
[20:58:44, Info   ]: Creating voxel database from 'C:/Users/Randy/Documents/Development/Randy/Zelda_VR/Zelda_VR/Assets/StreamingAssets/Cubiquity/VoxelDatabases/5473FD07.vdb'
[20:58:49, Info   ]: Resizing compressed data buffer to 144307bytes. This should only happen once
[20:58:49, Info   ]: Creating voxel database from 'C:/Users/Randy/Documents/Development/Randy/Zelda_VR/Zelda_VR/Assets/StreamingAssets/Cubiquity/VoxelDatabases/5473FD07.vdb'
[20:59:18, Info   ]: Creating voxel database from 'C:/Users/Randy/Documents/Development/Randy/Zelda_VR/Zelda_VR/Assets/StreamingAssets/Cubiquity/VoxelDatabases/5473FD07.vdb'
[20:59:21, Info   ]: Resizing compressed data buffer to 144307bytes. This should only happen once
[20:59:21, Info   ]: Creating voxel database from 'C:/Users/Randy/Documents/Development/Randy/Zelda_VR/Zelda_VR/Assets/StreamingAssets/Cubiquity/VoxelDatabases/5473FD07.vdb'
[20:59:43, Info   ]: Creating voxel database from 'C:/Users/Randy/Documents/Development/Randy/Zelda_VR/Zelda_VR/Assets/StreamingAssets/Cubiquity/VoxelDatabases/5473FD07.vdb'
[20:59:45, Info   ]: Creating voxel database from 'C:/Users/Randy/Documents/Development/Randy/Zelda_VR/Zelda_VR/Assets/StreamingAssets/Cubiquity/VoxelDatabases/5473FD07.vdb'
[21:01:40, Info   ]: Creating voxel database from 'C:/Users/Randy/Documents/Development/Randy/Zelda_VR/Zelda_VR/Assets/StreamingAssets/Cubiquity/VoxelDatabases/5473FD07.vdb'
[21:02:05, Info   ]: Creating empty voxel database as 'C:/Users/Randy/Documents/Development/Randy/Zelda_VR/Zelda_VR/Assets/StreamingAssets/Cubiquity/VoxelDatabases/17227AD9.vdb'
[21:04:47, Info   ]: Resizing compressed data buffer to 144307bytes. This should only happen once
[21:04:47, Error  ]: Encountered 'database is locked' (error code 5) when executing 'sqlite3_exec(mDatabase, "INSERT OR REPLACE INTO Blocks (Region, Data) SELECT Region, Data from OverrideChunks;", 0, 0, 0)'
[21:04:47, Error  ]: Caught 'DatabaseError' at C interface. Message reads: "Encountered 'database is locked' (error code 5) when executing 'sqlite3_exec(mDatabase, "INSERT OR REPLACE INTO Blocks (Region, Data) SELECT Region, Data from OverrideChunks;", 0, 0, 0)'"
[21:04:47, Info   ]: Creating empty voxel database as 'C:/Users/Randy/AppData/Local/Temp/Ubiquitron/Zelda VR/1EE0AC61.vdb'
[21:18:08, Info   ]: Resizing compressed data buffer to 144307bytes. This should only happen once
[21:18:08, Error  ]: Encountered 'database is locked' (error code 5) when executing 'sqlite3_exec(mDatabase, "INSERT OR REPLACE INTO Blocks (Region, Data) SELECT Region, Data from OverrideChunks;", 0, 0, 0)'
[21:18:08, Error  ]: Caught 'DatabaseError' at C interface. Message reads: "Encountered 'database is locked' (error code 5) when executing 'sqlite3_exec(mDatabase, "INSERT OR REPLACE INTO Blocks (Region, Data) SELECT Region, Data from OverrideChunks;", 0, 0, 0)'"
[21:18:09, Info   ]: Creating voxel database from 'C:/Users/Randy/AppData/Local/Temp/Ubiquitron/Zelda VR/1EE0AC61.vdb'
[21:18:29, Info   ]: Creating voxel database from 'C:/Users/Randy/AppData/Local/Temp/Ubiquitron/Zelda VR/1EE0AC61.vdb'
[21:18:35, Info   ]: Creating empty voxel database as 'C:/Users/Randy/AppData/Local/Temp/Ubiquitron/Zelda VR/67D87B42.vdb'
[21:19:49, Info   ]: Resizing compressed data buffer to 144307bytes. This should only happen once
[21:19:51, Info   ]: Creating empty voxel database as 'C:/Users/Randy/AppData/Local/Temp/Ubiquitron/Zelda VR/44AE595C.vdb'
[21:19:55, Info   ]: Resizing compressed data buffer to 144307bytes. This should only happen once
[21:19:55, Info   ]: Creating empty voxel database as 'C:/Users/Randy/AppData/Local/Temp/Ubiquitron/Zelda VR/4427F3A0.vdb'
[21:20:46, Info   ]: Resizing compressed data buffer to 144307bytes. This should only happen once
[21:20:47, Info   ]: Creating voxel database from 'C:/Users/Randy/AppData/Local/Temp/Ubiquitron/Zelda VR/4427F3A0.vdb'
[21:20:58, Info   ]: Creating empty voxel database as 'C:/Users/Randy/AppData/Local/Temp/Ubiquitron/Zelda VR/7DBF5D7C.vdb'
[21:20:59, Info   ]: Creating empty voxel database as 'C:/Users/Randy/AppData/Local/Temp/Ubiquitron/Zelda VR/0B9A9E29.vdb'
[21:21:35, Info   ]: Creating empty voxel database as 'C:/Users/Randy/AppData/Local/Temp/Ubiquitron/Zelda VR/138FE4F3.vdb'
[21:22:10, Info   ]: Resizing compressed data buffer to 144307bytes. This should only happen once
[21:22:10, Info   ]: Creating empty voxel database as 'C:/Users/Randy/AppData/Local/Temp/Ubiquitron/Zelda VR/0F45FC28.vdb'
[21:22:48, Info   ]: Resizing compressed data buffer to 144307bytes. This should only happen once
[21:22:51, Info   ]: Creating empty voxel database as 'C:/Users/Randy/AppData/Local/Temp/Ubiquitron/Zelda VR/5DA7F6DA.vdb'
[21:22:58, Info   ]: Resizing compressed data buffer to 144307bytes. This should only happen once
[21:22:59, Info   ]: Creating empty voxel database as 'C:/Users/Randy/AppData/Local/Temp/Ubiquitron/Zelda VR/47D76912.vdb'
[21:23:01, Info   ]: Resizing compressed data buffer to 144307bytes. This should only happen once
[21:23:01, Info   ]: Creating empty voxel database as 'C:/Users/Randy/AppData/Local/Temp/Ubiquitron/Zelda VR/21690058.vdb'
[21:23:52, Info   ]: Resizing compressed data buffer to 144307bytes. This should only happen once
[21:23:54, Info   ]: Creating empty voxel database as 'C:/Users/Randy/AppData/Local/Temp/Ubiquitron/Zelda VR/32E34D72.vdb'
[21:23:56, Info   ]: Resizing compressed data buffer to 144307bytes. This should only happen once
[21:23:56, Info   ]: Creating empty voxel database as 'C:/Users/Randy/AppData/Local/Temp/Ubiquitron/Zelda VR/4A8CC2A6.vdb'
[21:24:29, Info   ]: Resizing compressed data buffer to 144307bytes. This should only happen once
[21:24:30, Info   ]: Creating empty voxel database as 'C:/Users/Randy/AppData/Local/Temp/Ubiquitron/Zelda VR/541D9497.vdb'
[21:25:11, Info   ]: Resizing compressed data buffer to 144307bytes. This should only happen once
[21:25:11, Info   ]: Creating empty voxel database as 'C:/Users/Randy/AppData/Local/Temp/Ubiquitron/Zelda VR/34908218.vdb'
[21:25:57, Info   ]: Resizing compressed data buffer to 144307bytes. This should only happen once
[21:25:58, Info   ]: Creating voxel database from 'C:/Users/Randy/AppData/Local/Temp/Ubiquitron/Zelda VR/34908218.vdb'
[21:26:25, Info   ]: Creating empty voxel database as 'C:/Users/Randy/AppData/Local/Temp/Ubiquitron/Zelda VR/31156536.vdb'
[21:26:28, Info   ]: Resizing compressed data buffer to 144307bytes. This should only happen once
[21:26:28, Info   ]: Creating empty voxel database as 'C:/Users/Randy/AppData/Local/Temp/Ubiquitron/Zelda VR/6E57F218.vdb'
[21:31:08, Info   ]: Resizing compressed data buffer to 144307bytes. This should only happen once
[21:31:09, Info   ]: Creating empty voxel database as 'C:/Users/Randy/AppData/Local/Temp/Ubiquitron/Zelda VR/7EE5C57D.vdb'
[21:31:32, Info   ]: Resizing compressed data buffer to 144307bytes. This should only happen once
[21:31:32, Info   ]: Creating empty voxel database as 'C:/Users/Randy/AppData/Local/Temp/Ubiquitron/Zelda VR/75010368.vdb'
[21:34:37, Info   ]: Resizing compressed data buffer to 144307bytes. This should only happen once
[21:34:38, Info   ]: Creating voxel database from 'C:/Users/Randy/AppData/Local/Temp/Ubiquitron/Zelda VR/75010368.vdb'
[21:35:13, Info   ]: Creating empty voxel database as 'C:/Users/Randy/AppData/Local/Temp/Ubiquitron/Zelda VR/005580D4.vdb'
[21:35:16, Info   ]: Resizing compressed data buffer to 144307bytes. This should only happen once
[21:35:16, Info   ]: Creating empty voxel database as 'C:/Users/Randy/AppData/Local/Temp/Ubiquitron/Zelda VR/49FB3DA2.vdb'
[21:43:31, Info   ]: Resizing compressed data buffer to 144307bytes. This should only happen once
[21:43:31, Info   ]: Creating empty voxel database as 'C:/Users/Randy/AppData/Local/Temp/Ubiquitron/Zelda VR/489965F2.vdb'
[21:43:38, Info   ]: Resizing compressed data buffer to 144307bytes. This should only happen once
********************************************************************************
*                             Shutting down Cubiquity                          *
********************************************************************************

